This is pdfTeX, Version 3.14159265-2.6-1.40.18 (TeX Live 2017/Debian) (preloaded format=pdflatex 2020.4.13)  14 APR 2020 18:46
entering extended mode
 restricted \write18 enabled.
 %&-line parsing enabled.
**JournalCompile.tex
(./JournalCompile.tex
LaTeX2e <2017-04-15>
Babel <3.18> and hyphenation patterns for 84 language(s) loaded.
(/usr/share/texlive/texmf-dist/tex/latex/base/article.cls
Document Class: article 2014/09/29 v1.4h Standard LaTeX document class
(/usr/share/texlive/texmf-dist/tex/latex/base/size10.clo
File: size10.clo 2014/09/29 v1.4h Standard LaTeX file (size option)
)
\c@part=\count79
\c@section=\count80
\c@subsection=\count81
\c@subsubsection=\count82
\c@paragraph=\count83
\c@subparagraph=\count84
\c@figure=\count85
\c@table=\count86
\abovecaptionskip=\skip41
\belowcaptionskip=\skip42
\bibindent=\dimen102
)
(/usr/share/texlive/texmf-dist/tex/latex/parskip/parskip.sty
Package: parskip 2001/04/09 non-zero parskip adjustments
)
(/usr/share/texlive/texmf-dist/tex/latex/tabto-ltx/tabto.sty
Package: tabto 2013/03/25  v 1.3  Another tabbing mechanism
\CurrentLineWidth=\dimen103
)
(./JournalCompile.aux)
\openout1 = `JournalCompile.aux'.

LaTeX Font Info:    Checking defaults for OML/cmm/m/it on input line 7.
LaTeX Font Info:    ... okay on input line 7.
LaTeX Font Info:    Checking defaults for T1/cmr/m/n on input line 7.
LaTeX Font Info:    ... okay on input line 7.
LaTeX Font Info:    Checking defaults for OT1/cmr/m/n on input line 7.
LaTeX Font Info:    ... okay on input line 7.
LaTeX Font Info:    Checking defaults for OMS/cmsy/m/n on input line 7.
LaTeX Font Info:    ... okay on input line 7.
LaTeX Font Info:    Checking defaults for OMX/cmex/m/n on input line 7.
LaTeX Font Info:    ... okay on input line 7.
LaTeX Font Info:    Checking defaults for U/cmr/m/n on input line 7.
LaTeX Font Info:    ... okay on input line 7.
LaTeX Font Info:    External font `cmex10' loaded for size
(Font)              <12> on input line 8.
LaTeX Font Info:    External font `cmex10' loaded for size
(Font)              <8> on input line 8.
LaTeX Font Info:    External font `cmex10' loaded for size
(Font)              <6> on input line 8.
 (./pandocOutput.tex [1

{/var/lib/texmf/fonts/map/pdftex/updmap/pdftex.map}] [2] [3] [4] [5] [6] [7] [8
] [9] [10] [11] [12]
Missing character: There is no Ã in font cmr10!
Missing character: There is no ¯ in font cmr10!
 [13] [14]
[15] [16] [17] [18] [19] [20] [21] [22] [23] [24] [25] [26] [27] [28] [29]
[30] [31] [32] [33] [34] [35] [36] [37] [38] [39] [40] [41]
Missing character: There is no Ã in font cmr10!
Missing character: There is no © in font cmr10!
 [42] [43] [44]
[45] [46] [47] [48] [49]
Missing character: There is no × in font cmr10!
Missing character: There is no  in font cmr10!
Missing character: There is no × in font cmr10!
Missing character: There is no œ in font cmr10!
Missing character: There is no × in font cmr10!
Missing character: There is no • in font cmr10!
Missing character: There is no × in font cmr10!
Missing character: There is no ” in font cmr10!
Missing character: There is no × in font cmr10!
Missing character: There is no ™ in font cmr10!
Missing character: There is no × in font cmr10!
Missing character: There is no   in font cmr10!
Missing character: There is no × in font cmr10!
Missing character: There is no • in font cmr10!
Missing character: There is no × in font cmr10!
Missing character: There is no  in font cmr10!
Missing character: There is no × in font cmr10!
Missing character: There is no œ in font cmr10!
Missing character: There is no × in font cmr10!
Missing character: There is no š in font cmr10!
Missing character: There is no × in font cmr10!
Missing character: There is no ” in font cmr10!
Missing character: There is no × in font cmr10!
Missing character: There is no ¢ in font cmr10!
Missing character: There is no × in font cmr10!
Missing character: There is no • in font cmr10!
Missing character: There is no × in font cmr10!
Missing character: There is no œ in font cmr10!
Missing character: There is no × in font cmr10!
Missing character: There is no  in font cmr10!
Missing character: There is no × in font cmr10!
Missing character: There is no ‘ in font cmr10!
Missing character: There is no × in font cmr10!
Missing character: There is no ¨ in font cmr10!
Missing character: There is no × in font cmr10!
Missing character: There is no • in font cmr10!
Missing character: There is no × in font cmr10!
Missing character: There is no — in font cmr10!
Missing character: There is no × in font cmr10!
Missing character: There is no  in font cmr10!
Missing character: There is no × in font cmr10!
Missing character: There is no ª in font cmr10!
Missing character: There is no × in font cmr10!
Missing character: There is no ” in font cmr10!
Missing character: There is no × in font cmr10!
Missing character: There is no  in font cmr10!
Missing character: There is no × in font cmr10!
Missing character: There is no “ in font cmr10!
Missing character: There is no × in font cmr10!
Missing character: There is no • in font cmr10!
Missing character: There is no × in font cmr10!
Missing character: There is no   in font cmr10!
Missing character: There is no × in font cmr10!
Missing character: There is no ™ in font cmr10!
 [50] [51] [52] [53] [54] [55]
Missing character: There is no ğ in font cmr10!
Missing character: There is no Ÿ in font cmr10!
Missing character: There is no ˜ in font cmr10!
Missing character: There is no Š in font cmr10!
 [56] [57] [58] [59]
[60] [61] [62] [63]
Missing character: There is no Ã in font cmr10!
Missing character: There is no § in font cmr10!
 [64]
Missing character: There is no Ã in font cmr10!
Missing character: There is no ¯ in font cmr10!
 [65] [66] [67] [68] [69] [70] [71] [72] [73] [74]
[75] [76] [77] [78] [79] [80] [81] [82] [83] [84] [85] [86] [87] [88] [89]
[90] [91] [92] [93]
Missing character: There is no â in font cmr10!
Missing character: There is no € in font cmr10!
Missing character: There is no ¢ in font cmr10!
 [94]
Missing character: There is no â in font cmr10!
Missing character: There is no € in font cmr10!
Missing character: There is no ¢ in font cmr10!
Missing character: There is no â in font cmr10!
Missing character: There is no € in font cmr10!
Missing character: There is no ¢ in font cmr10!
 [95] [96] [97] [98] [99] [100] [101] [102] [103]
[104] [105] [106] [107] [108] [109] [110] [111] [112] [113] [114] [115]
[116] [117] [118] [119] [120] [121]) [122] (./JournalCompile.aux) ) 
Here is how much of TeX's memory you used:
 264 strings out of 492982
 3187 string characters out of 6134896
 62921 words of memory out of 5000000
 3894 multiletter control sequences out of 15000+600000
 7329 words of font info for 26 fonts, out of 8000000 for 9000
 1141 hyphenation exceptions out of 8191
 23i,6n,17p,149b,177s stack positions out of 5000i,500n,10000p,200000b,80000s
</usr/share/
texlive/texmf-dist/fonts/type1/public/amsfonts/cm/cmbx10.pfb></usr/share/texliv
e/texmf-dist/fonts/type1/public/amsfonts/cm/cmr10.pfb></usr/share/texlive/texmf
-dist/fonts/type1/public/amsfonts/cm/cmr12.pfb></usr/share/texlive/texmf-dist/f
onts/type1/public/amsfonts/cm/cmr17.pfb></usr/share/texlive/texmf-dist/fonts/ty
pe1/public/amsfonts/cm/cmti10.pfb>
Output written on JournalCompile.pdf (122 pages, 326533 bytes).
PDF statistics:
 418 PDF objects out of 1000 (max. 8388607)
 286 compressed objects within 3 object streams
 0 named destinations out of 1000 (max. 500000)
 1 words of extra memory for PDF output out of 10000 (max. 10000000)

